04.05.2012 16:58:02 org.apache.catalina.core.AprLifecycleListener init
INFO: Loaded APR based Apache Tomcat Native library 1.1.22.
04.05.2012 16:58:02 org.apache.catalina.core.AprLifecycleListener init
INFO: APR capabilities: IPv6 [false], sendfile [true], accept filters [false], random [true].
04.05.2012 16:58:02 org.apache.coyote.AbstractProtocol init
INFO: Initializing ProtocolHandler ["http-apr-8080"]
04.05.2012 16:58:02 org.apache.coyote.AbstractProtocol init
INFO: Initializing ProtocolHandler ["ajp-apr-8009"]
04.05.2012 16:58:02 org.apache.catalina.startup.Catalina load
INFO: Initialization processed in 1087 ms
04.05.2012 16:58:02 org.apache.catalina.core.StandardService startInternal
INFO: Starting service Catalina
04.05.2012 16:58:02 org.apache.catalina.core.StandardEngine startInternal
INFO: Starting Servlet Engine: Apache Tomcat/7.0.21
04.05.2012 16:58:02 org.apache.catalina.startup.HostConfig deployDirectory
INFO: Deploying web application directory blazeds
04.05.2012 16:58:03 org.apache.catalina.startup.HostConfig deployDirectory
INFO: Deploying web application directory docs
04.05.2012 16:58:04 org.apache.catalina.startup.HostConfig deployDirectory
INFO: Deploying web application directory examples
04.05.2012 16:58:04 org.apache.catalina.startup.HostConfig deployDirectory
INFO: Deploying web application directory host-manager
04.05.2012 16:58:04 org.apache.catalina.startup.HostConfig deployDirectory
INFO: Deploying web application directory manager
04.05.2012 16:58:04 org.apache.catalina.startup.HostConfig deployDirectory
INFO: Deploying web application directory ROOT
04.05.2012 16:58:04 org.apache.coyote.AbstractProtocol start
INFO: Starting ProtocolHandler ["http-apr-8080"]
04.05.2012 16:58:04 org.apache.coyote.AbstractProtocol start
INFO: Starting ProtocolHandler ["ajp-apr-8009"]
04.05.2012 16:58:04 org.apache.catalina.startup.Catalina start
INFO: Server startup in 1449 ms
